<?xml version="1.0" encoding="UTF-8"?>
<coverage generated="1722381503834" clover="3.2.0">
  <project timestamp="1722381503835" name="All files">
    <metrics statements="59" coveredstatements="57" conditionals="15" coveredconditionals="15" methods="21" coveredmethods="19" elements="95" coveredelements="91" complexity="0" loc="59" ncloc="59" packages="1" files="3" classes="3"/>
    <file name="article.ts" path="/Users/fbortolazzi/Desktop/projects/comfy-chair/src/app/article.ts">
      <metrics statements="13" coveredstatements="13" conditionals="4" coveredconditionals="4" methods="2" coveredmethods="2"/>
      <line num="5" count="2" type="stmt"/>
      <line num="11" count="12" type="stmt"/>
      <line num="12" count="12" type="stmt"/>
      <line num="13" count="12" type="stmt"/>
      <line num="17" count="9" type="cond" truecount="1" falsecount="0"/>
      <line num="18" count="1" type="stmt"/>
      <line num="21" count="8" type="cond" truecount="1" falsecount="0"/>
      <line num="22" count="1" type="stmt"/>
      <line num="25" count="7" type="cond" truecount="1" falsecount="0"/>
      <line num="26" count="1" type="stmt"/>
      <line num="29" count="6" type="cond" truecount="1" falsecount="0"/>
      <line num="30" count="1" type="stmt"/>
      <line num="33" count="5" type="stmt"/>
    </file>
    <file name="session.ts" path="/Users/fbortolazzi/Desktop/projects/comfy-chair/src/app/session.ts">
      <metrics statements="28" coveredstatements="27" conditionals="8" coveredconditionals="8" methods="11" coveredmethods="10"/>
      <line num="3" count="1" type="stmt"/>
      <line num="11" count="3" type="stmt"/>
      <line num="12" count="3" type="stmt"/>
      <line num="13" count="3" type="stmt"/>
      <line num="16" count="3" type="stmt"/>
      <line num="17" count="3" type="stmt"/>
      <line num="21" count="1" type="stmt"/>
      <line num="25" count="1" type="stmt"/>
      <line num="29" count="1" type="stmt"/>
      <line num="33" count="0" type="stmt"/>
      <line num="38" count="3" type="cond" truecount="1" falsecount="0"/>
      <line num="39" count="1" type="stmt"/>
      <line num="40" count="2" type="cond" truecount="1" falsecount="0"/>
      <line num="41" count="1" type="stmt"/>
      <line num="43" count="1" type="stmt"/>
      <line num="47" count="1" type="stmt"/>
      <line num="51" count="1" type="stmt"/>
      <line num="56" count="1" type="cond" truecount="2" falsecount="0"/>
      <line num="57" count="1" type="stmt"/>
      <line num="58" count="1" type="stmt"/>
      <line num="61" count="1" type="cond" truecount="2" falsecount="0"/>
      <line num="62" count="1" type="stmt"/>
      <line num="63" count="1" type="stmt"/>
      <line num="67" count="1" type="cond" truecount="2" falsecount="0"/>
      <line num="68" count="1" type="stmt"/>
      <line num="69" count="1" type="stmt"/>
      <line num="70" count="1" type="stmt"/>
      <line num="71" count="1" type="stmt"/>
    </file>
    <file name="user.ts" path="/Users/fbortolazzi/Desktop/projects/comfy-chair/src/app/user.ts">
      <metrics statements="18" coveredstatements="17" conditionals="3" coveredconditionals="3" methods="8" coveredmethods="7"/>
      <line num="1" count="1" type="stmt"/>
      <line num="9" count="4" type="cond" truecount="1" falsecount="0"/>
      <line num="10" count="1" type="stmt"/>
      <line num="12" count="3" type="stmt"/>
      <line num="13" count="3" type="stmt"/>
      <line num="14" count="3" type="stmt"/>
      <line num="15" count="3" type="stmt"/>
      <line num="16" count="3" type="stmt"/>
      <line num="20" count="3" type="stmt"/>
      <line num="24" count="3" type="stmt"/>
      <line num="28" count="3" type="stmt"/>
      <line num="32" count="3" type="stmt"/>
      <line num="36" count="3" type="stmt"/>
      <line num="40" count="0" type="stmt"/>
      <line num="45" count="1" type="cond" truecount="2" falsecount="0"/>
      <line num="46" count="1" type="stmt"/>
      <line num="47" count="1" type="stmt"/>
      <line num="48" count="1" type="stmt"/>
    </file>
  </project>
</coverage>
