TN:
SF:src/app/article.ts
FN:10,(anonymous_0)
FN:16,(anonymous_1)
FNF:2
FNH:2
FNDA:12,(anonymous_0)
FNDA:9,(anonymous_1)
DA:5,2
DA:11,12
DA:12,12
DA:13,12
DA:17,9
DA:18,1
DA:21,8
DA:22,1
DA:25,7
DA:26,1
DA:29,6
DA:30,1
DA:33,5
LF:13
LH:13
BRDA:17,0,0,1
BRDA:21,1,0,1
BRDA:25,2,0,1
BRDA:29,3,0,1
BRF:4
BRH:4
end_of_record
TN:
SF:src/app/session.ts
FN:10,(anonymous_0)
FN:20,(anonymous_1)
FN:24,(anonymous_2)
FN:28,(anonymous_3)
FN:32,(anonymous_4)
FN:36,(anonymous_5)
FN:46,(anonymous_6)
FN:50,(anonymous_7)
FN:56,(anonymous_8)
FN:61,(anonymous_9)
FN:67,(anonymous_10)
FNF:11
FNH:10
FNDA:3,(anonymous_0)
FNDA:1,(anonymous_1)
FNDA:1,(anonymous_2)
FNDA:1,(anonymous_3)
FNDA:0,(anonymous_4)
FNDA:3,(anonymous_5)
FNDA:1,(anonymous_6)
FNDA:1,(anonymous_7)
FNDA:1,(anonymous_8)
FNDA:1,(anonymous_9)
FNDA:1,(anonymous_10)
DA:3,1
DA:11,3
DA:12,3
DA:13,3
DA:16,3
DA:17,3
DA:21,1
DA:25,1
DA:29,1
DA:33,0
DA:38,3
DA:39,1
DA:40,2
DA:41,1
DA:43,1
DA:47,1
DA:51,1
DA:56,1
DA:57,1
DA:58,1
DA:61,1
DA:62,1
DA:63,1
DA:67,1
DA:68,1
DA:69,1
DA:70,1
DA:71,1
LF:28
LH:27
BRDA:38,0,0,1
BRDA:40,1,0,1
BRDA:56,2,0,1
BRDA:56,2,1,1
BRDA:61,3,0,1
BRDA:61,3,1,1
BRDA:67,4,0,1
BRDA:67,4,1,1
BRF:8
BRH:8
end_of_record
TN:
SF:src/app/user.ts
FN:8,(anonymous_0)
FN:19,(anonymous_1)
FN:23,(anonymous_2)
FN:27,(anonymous_3)
FN:31,(anonymous_4)
FN:35,(anonymous_5)
FN:39,(anonymous_6)
FN:45,(anonymous_7)
FNF:8
FNH:7
FNDA:4,(anonymous_0)
FNDA:3,(anonymous_1)
FNDA:3,(anonymous_2)
FNDA:3,(anonymous_3)
FNDA:3,(anonymous_4)
FNDA:3,(anonymous_5)
FNDA:0,(anonymous_6)
FNDA:1,(anonymous_7)
DA:1,1
DA:9,4
DA:10,1
DA:12,3
DA:13,3
DA:14,3
DA:15,3
DA:16,3
DA:20,3
DA:24,3
DA:28,3
DA:32,3
DA:36,3
DA:40,0
DA:45,1
DA:46,1
DA:47,1
DA:48,1
LF:18
LH:17
BRDA:9,0,0,1
BRDA:45,1,0,1
BRDA:45,1,1,1
BRF:3
BRH:3
end_of_record
