TN:
SF:src/app/article.ts
FN:10,(anonymous_0)
FN:16,(anonymous_1)
FNF:2
FNH:2
FNDA:11,(anonymous_0)
FNDA:9,(anonymous_1)
DA:5,2
DA:11,11
DA:12,11
DA:13,11
DA:17,9
DA:18,1
DA:21,8
DA:22,1
DA:25,7
DA:26,1
DA:29,6
DA:30,1
DA:33,5
LF:13
LH:13
BRDA:17,0,0,1
BRDA:21,1,0,1
BRDA:25,2,0,1
BRDA:29,3,0,1
BRF:4
BRH:4
end_of_record
TN:
SF:src/app/session.ts
FN:10,(anonymous_0)
FN:21,(anonymous_1)
FN:25,(anonymous_2)
FN:29,(anonymous_3)
FN:33,(anonymous_4)
FN:37,(anonymous_5)
FN:43,(anonymous_6)
FN:48,(anonymous_7)
FNF:8
FNH:6
FNDA:2,(anonymous_0)
FNDA:1,(anonymous_1)
FNDA:1,(anonymous_2)
FNDA:1,(anonymous_3)
FNDA:0,(anonymous_4)
FNDA:0,(anonymous_5)
FNDA:1,(anonymous_6)
FNDA:1,(anonymous_7)
DA:3,1
DA:11,2
DA:12,1
DA:14,1
DA:15,1
DA:16,1
DA:17,1
DA:18,1
DA:22,1
DA:26,1
DA:30,1
DA:34,0
DA:38,0
DA:43,1
DA:44,1
DA:45,1
DA:48,1
DA:49,1
DA:50,1
LF:19
LH:17
BRDA:11,0,0,1
BRDA:43,1,0,1
BRDA:43,1,1,1
BRDA:48,2,0,1
BRDA:48,2,1,1
BRF:5
BRH:5
end_of_record
TN:
SF:src/app/user.ts
FN:8,(anonymous_0)
FN:19,(anonymous_1)
FN:23,(anonymous_2)
FN:27,(anonymous_3)
FN:31,(anonymous_4)
FN:35,(anonymous_5)
FN:39,(anonymous_6)
FN:45,(anonymous_7)
FNF:8
FNH:7
FNDA:4,(anonymous_0)
FNDA:3,(anonymous_1)
FNDA:3,(anonymous_2)
FNDA:3,(anonymous_3)
FNDA:3,(anonymous_4)
FNDA:3,(anonymous_5)
FNDA:0,(anonymous_6)
FNDA:1,(anonymous_7)
DA:1,1
DA:9,4
DA:10,1
DA:12,3
DA:13,3
DA:14,3
DA:15,3
DA:16,3
DA:20,3
DA:24,3
DA:28,3
DA:32,3
DA:36,3
DA:40,0
DA:45,1
DA:46,1
DA:47,1
DA:48,1
LF:18
LH:17
BRDA:9,0,0,1
BRDA:45,1,0,1
BRDA:45,1,1,1
BRF:3
BRH:3
end_of_record
